<?xml version="1.0" encoding="UTF-8"?>
<testng-results ignored="0" total="1" passed="1" failed="0" skipped="0">
  <reporter-output>
  </reporter-output>
  <suite started-at="2021-08-27T21:24:45 IST" name="Default suite" finished-at="2021-08-27T21:24:45 IST" duration-ms="78">
    <groups>
    </groups>
    <test started-at="2021-08-27T21:24:45 IST" name="Default test" finished-at="2021-08-27T21:24:45 IST" duration-ms="78">
      <class name="Application">
        <test-method signature="Test()[pri:0, instance:Application@120f102b]" started-at="2021-08-27T21:24:45 IST" name="Test" finished-at="2021-08-27T21:24:45 IST" duration-ms="16" status="PASS">
          <reporter-output>
          </reporter-output>
        </test-method> <!-- Test -->
      </class> <!-- Application -->
    </test> <!-- Default test -->
  </suite> <!-- Default suite -->
</testng-results>
